<?xml version="1.0" encoding="UTF-8"?>
<testsuite name="param.qa.StoreTest" tests="2" skipped="0" failures="0" errors="0" timestamp="2022-08-28T20:37:32" hostname="WIN-B06963JPSP4" time="44.765">
  <properties/>
  <testcase name="searchCatalogs(String, List)[1]" classname="param.qa.StoreTest" time="28.744"/>
  <testcase name="searchCatalogs(String, List)[2]" classname="param.qa.StoreTest" time="16.018"/>
  <system-out><![CDATA[]]></system-out>
  <system-err><![CDATA[SLF4J: Failed to load class "org.slf4j.impl.StaticLoggerBinder".
SLF4J: Defaulting to no-operation (NOP) logger implementation
SLF4J: See http://www.slf4j.org/codes.html#StaticLoggerBinder for further details.
Starting ChromeDriver 104.0.5112.79 (3cf3e8c8a07d104b9e1260c910efb8f383285dc5-refs/branch-heads/5112@{#1307}) on port 53572
Only local connections are allowed.
Please see https://chromedriver.chromium.org/security-considerations for suggestions on keeping ChromeDriver safe.
ChromeDriver was started successfully.
Aug 28, 2022 4:37:42 PM org.openqa.selenium.remote.ProtocolHandshake createSession
INFO: Detected upstream dialect: W3C
Aug 28, 2022 4:37:42 PM org.openqa.selenium.devtools.CdpVersionFinder findNearestMatch
INFO: Found exact CDP implementation for version 104
]]></system-err>
</testsuite>
