<?xml version="1.0" encoding="UTF-8"?>
<testsuite name="guru.qa.WebTest" tests="8" skipped="0" failures="0" errors="0" timestamp="2022-08-28T21:01:20" hostname="WIN-B06963JPSP4" time="46.505">
  <properties/>
  <testcase name="commonSearchTest(String)[1]" classname="guru.qa.WebTest" time="17.289"/>
  <testcase name="commonSearchTest(String)[2]" classname="guru.qa.WebTest" time="3.946"/>
  <testcase name="selenideSiteMenuTest(Lang, List)[1]" classname="guru.qa.WebTest" time="6.073"/>
  <testcase name="selenideSiteMenuTest(Lang, List)[2]" classname="guru.qa.WebTest" time="3.254"/>
  <testcase name="commonComplexSearchTest(String, String)[1]" classname="guru.qa.WebTest" time="5.659"/>
  <testcase name="commonComplexSearchTest(String, String)[2]" classname="guru.qa.WebTest" time="5.393"/>
  <testcase name="selenideSiteMenuEnumTest(Lang)[1]" classname="guru.qa.WebTest" time="2.774"/>
  <testcase name="selenideSiteMenuEnumTest(Lang)[2]" classname="guru.qa.WebTest" time="1.933"/>
  <system-out><![CDATA[]]></system-out>
  <system-err><![CDATA[SLF4J: Failed to load class "org.slf4j.impl.StaticLoggerBinder".
SLF4J: Defaulting to no-operation (NOP) logger implementation
SLF4J: See http://www.slf4j.org/codes.html#StaticLoggerBinder for further details.
Starting ChromeDriver 104.0.5112.79 (3cf3e8c8a07d104b9e1260c910efb8f383285dc5-refs/branch-heads/5112@{#1307}) on port 63163
Only local connections are allowed.
Please see https://chromedriver.chromium.org/security-considerations for suggestions on keeping ChromeDriver safe.
ChromeDriver was started successfully.
Aug 28, 2022 5:01:26 PM org.openqa.selenium.remote.ProtocolHandshake createSession
INFO: Detected upstream dialect: W3C
Aug 28, 2022 5:01:26 PM org.openqa.selenium.devtools.CdpVersionFinder findNearestMatch
INFO: Found exact CDP implementation for version 104
]]></system-err>
</testsuite>
